#
# A fatal error has been detected by the Java Runtime Environment:
#
#  SIGSEGV (0xb) at pc=0x0000000112b563bf, pid=9860, tid=0x000000000000da07
#
# JRE version: Java(TM) SE Runtime Environment (8.0_131-b11) (build 1.8.0_131-b11)
# Java VM: Java HotSpot(TM) 64-Bit Server VM (25.131-b11 mixed mode bsd-amd64 compressed oops)
# Problematic frame:
# C  [libawt_lwawt.dylib+0x1c3bf]  OGLSD_SetScratchSurface+0x49
#
# Failed to write core dump. Core dumps have been disabled. To enable core dumping, try "ulimit -c unlimited" before starting Java again
#
# If you would like to submit a bug report, please visit:
#   http://bugreport.java.com/bugreport/crash.jsp
# The crash happened outside the Java Virtual Machine in native code.
# See problematic frame for where to report the bug.
#

---------------  T H R E A D  ---------------

Current thread (0x00007f85c7175000):  JavaThread "Java2D Queue Flusher" daemon [_thread_in_native, id=55815, stack(0x0000700008047000,0x0000700008147000)]

siginfo: si_signo: 11 (SIGSEGV), si_code: 1 (SEGV_MAPERR), si_addr: 0x0000000000000002

Registers:
RAX=0x00000000ffffffff, RBX=0x0000000000000002, RCX=0x0000000000000047, RDX=0x0000000112b77258
RSP=0x0000700008146730, RBP=0x0000700008146750, RSI=0x00007f85c5d322c0, RDI=0x00007f85c71751f8
R8 =0x0000000000000946, R9 =0x000000000068ebea, R10=0x00000001137ebab8, R11=0x00000001137eb400
R12=0x0000000000000000, R13=0x00007000081468e8, R14=0x00007f85c71751f8, R15=0x00007f85c7175000
RIP=0x0000000112b563bf, EFLAGS=0x0000000000010202, ERR=0x0000000000000004
  TRAPNO=0x000000000000000e

Top of Stack: (sp=0x0000700008146730)
0x0000700008146730:   00007f85c5d322c0 0000000000000000
0x0000700008146740:   00007f85c716cc10 00007f85c7175000
0x0000700008146750:   00007000081467d0 0000000112b76d36
0x0000700008146760:   00007f85c5e5af00 0000000200000001
0x0000700008146770:   0000700008146880 000000010b2e8000
0x0000700008146780:   0000000000000000 0000000000000000
0x0000700008146790:   00007000081467d0 00007f85c716cc20
0x00007000081467a0:   0000000100317458 00007f85c71751f8
0x00007000081467b0:   000000012a9eae10 0000000000000000
0x00007000081467c0:   0000700008146968 00007f85c7175000
0x00007000081467d0:   0000700008146820 00000001137ebb2a
0x00007000081467e0:   0000000797b0b120 000000010b5381cc
0x00007000081467f0:   0000000000000064 0000000000000000
0x0000700008146800:   0000000000000064 00007f85c5e5a618
0x0000700008146810:   0000700008146870 000000010b350094
0x0000700008146820:   0000700008146940 000000011382a27c
0x0000700008146830:   0000000000000001 00007f85c5e5b6b0
0x0000700008146840:   0000000797b08600 00007f85c7175000
0x0000700008146850:   00007f85c7175000 0000000110e0fa00
0x0000700008146860:   0000700008146968 00007f85c7175000
0x0000700008146870:   00007000081468c0 00000001137bc7e8
0x0000700008146880:   0000000797b0b120 00000001137a3526
0x0000700008146890:   0000700008146940 00000001137eb45c
0x00007000081468a0:   0000000111579b8c 00007000081468e8
0x00007000081468b0:   0000000111579c08 0000000000000000
0x00007000081468c0:   0000700008146940 00000001135502bd
0x00007000081468d0:   0000700008146940 00000001135502bd
0x00007000081468e0:   00000001135502bd 0000000797b0b120
0x00007000081468f0:   0000000000000003 0000000797b086c8
0x0000700008146900:   00007000081468f0 0000000111317351
0x0000700008146910:   0000700008146968 0000000111317bd8
0x0000700008146920:   0000000000000000 0000000111317458 

Instructions: (pc=0x0000000112b563bf)
0x0000000112b5639f:   c0 e9 82 00 00 00 48 8b 5e 10 48 85 db 75 0e bf
0x0000000112b563af:   01 00 00 00 48 8d 15 07 7c 03 00 eb d6 49 89 fe
0x0000000112b563bf:   4c 8b 3b 30 c0 e8 c1 a6 02 00 49 8b 3f 49 89 c4
0x0000000112b563cf:   48 8b 35 4a 03 06 00 30 c0 e8 0f a8 02 00 48 85 

Register to memory mapping:

RAX=0x00000000ffffffff is an unknown value
RBX=0x0000000000000002 is an unknown value
RCX=0x0000000000000047 is an unknown value
RDX=0x0000000112b77258: Java_sun_java2d_opengl_OGLRenderQueue_flushBuffer+0xb5c in /Library/Java/JavaVirtualMachines/jdk1.8.0_131.jdk/Contents/Home/jre/lib/libawt_lwawt.dylib at 0x0000000112b3a000
RSP=0x0000700008146730 is pointing into the stack for thread: 0x00007f85c7175000
RBP=0x0000700008146750 is pointing into the stack for thread: 0x00007f85c7175000
RSI=0x00007f85c5d322c0 is an unknown value
RDI=0x00007f85c71751f8 is an unknown value
R8 =0x0000000000000946 is an unknown value
R9 =0x000000000068ebea is an unknown value
R10=0x00000001137ebab8 is at entry_point+56 in (nmethod*)0x00000001137eb910
R11=0x00000001137eb400 is at entry_point+0 in (nmethod*)0x00000001137eb290
R12=0x0000000000000000 is an unknown value
R13=0x00007000081468e8 is pointing into the stack for thread: 0x00007f85c7175000
R14=0x00007f85c71751f8 is an unknown value
R15=0x00007f85c7175000 is a thread


Stack: [0x0000700008047000,0x0000700008147000],  sp=0x0000700008146730,  free space=1021k
Native frames: (J=compiled Java code, j=interpreted, Vv=VM code, C=native code)
C  [libawt_lwawt.dylib+0x1c3bf]  OGLSD_SetScratchSurface+0x49
C  [libawt_lwawt.dylib+0x3cd36]  Java_sun_java2d_opengl_OGLRenderQueue_flushBuffer+0x63a
J 761  sun.java2d.opengl.OGLRenderQueue.flushBuffer(JI)V (0 bytes) @ 0x00000001137ebb2a [0x00000001137eba80+0xaa]
J 850 C1 sun.java2d.opengl.OGLRenderQueue.flushBuffer()V (41 bytes) @ 0x000000011382a27c [0x000000011382a020+0x25c]
J 758 C1 sun.java2d.opengl.OGLRenderQueue.access$100(Lsun/java2d/opengl/OGLRenderQueue;)V (5 bytes) @ 0x00000001137eb45c [0x00000001137eb400+0x5c]
j  sun.java2d.opengl.OGLRenderQueue$QueueFlusher.run()V+81
v  ~StubRoutines::call_stub
V  [libjvm.dylib+0x2ee5b6]
V  [libjvm.dylib+0x2eed5a]
V  [libjvm.dylib+0x2eef06]
V  [libjvm.dylib+0x34965d]
V  [libjvm.dylib+0x56b87f]
V  [libjvm.dylib+0x56cf6c]
V  [libjvm.dylib+0x48b376]
C  [libsystem_pthread.dylib+0x393b]  _pthread_body+0xb4
C  [libsystem_pthread.dylib+0x3887]  _pthread_body+0x0
C  [libsystem_pthread.dylib+0x308d]  thread_start+0xd
C  0x0000000000000000

Java frames: (J=compiled Java code, j=interpreted, Vv=VM code)
J 761  sun.java2d.opengl.OGLRenderQueue.flushBuffer(JI)V (0 bytes) @ 0x00000001137ebab8 [0x00000001137eba80+0x38]
J 850 C1 sun.java2d.opengl.OGLRenderQueue.flushBuffer()V (41 bytes) @ 0x000000011382a27c [0x000000011382a020+0x25c]
J 758 C1 sun.java2d.opengl.OGLRenderQueue.access$100(Lsun/java2d/opengl/OGLRenderQueue;)V (5 bytes) @ 0x00000001137eb45c [0x00000001137eb400+0x5c]
j  sun.java2d.opengl.OGLRenderQueue$QueueFlusher.run()V+81
v  ~StubRoutines::call_stub

---------------  P R O C E S S  ---------------

Java Threads: ( => current thread )
  0x00007f85c69dc000 JavaThread "AWT-EventQueue-0" [_thread_blocked, id=64787, stack(0x00007000082d0000,0x00007000083d0000)]
  0x00007f85c713e800 JavaThread "Java2D Disposer" daemon [_thread_blocked, id=57871, stack(0x000070000814a000,0x000070000824a000)]
=>0x00007f85c7175000 JavaThread "Java2D Queue Flusher" daemon [_thread_in_native, id=55815, stack(0x0000700008047000,0x0000700008147000)]
  0x00007f85c6963000 JavaThread "AWT-Shutdown" [_thread_blocked, id=30239, stack(0x0000700007dbb000,0x0000700007ebb000)]
  0x00007f85c6946000 JavaThread "AppKit Thread" daemon [_thread_in_native, id=775, stack(0x00007fff54e4f000,0x00007fff5564f000)]
  0x00007f85c7084800 JavaThread "Service Thread" daemon [_thread_blocked, id=19203, stack(0x0000700007b32000,0x0000700007c32000)]
  0x00007f85c781b800 JavaThread "C1 CompilerThread2" daemon [_thread_blocked, id=18691, stack(0x0000700007a2f000,0x0000700007b2f000)]
  0x00007f85c781b000 JavaThread "C2 CompilerThread1" daemon [_thread_blocked, id=18179, stack(0x000070000792c000,0x0000700007a2c000)]
  0x00007f85c7084000 JavaThread "C2 CompilerThread0" daemon [_thread_blocked, id=17667, stack(0x0000700007829000,0x0000700007929000)]
  0x00007f85c7083000 JavaThread "Monitor Ctrl-Break" daemon [_thread_in_native, id=17155, stack(0x0000700007726000,0x0000700007826000)]
  0x00007f85c7800800 JavaThread "Signal Dispatcher" daemon [_thread_blocked, id=16643, stack(0x0000700007623000,0x0000700007723000)]
  0x00007f85c7010800 JavaThread "Finalizer" daemon [_thread_blocked, id=12547, stack(0x0000700007520000,0x0000700007620000)]
  0x00007f85c700a000 JavaThread "Reference Handler" daemon [_thread_blocked, id=12035, stack(0x000070000741d000,0x000070000751d000)]
  0x00007f85c7802000 JavaThread "main" [_thread_blocked, id=7171, stack(0x0000700006e0b000,0x0000700006f0b000)]

Other Threads:
  0x00007f85c6003000 VMThread [stack: 0x000070000731a000,0x000070000741a000] [id=11523]
  0x00007f85c70d0000 WatcherThread [stack: 0x0000700007c35000,0x0000700007d35000] [id=19715]

VM state:not at safepoint (normal execution)

VM Mutex/Monitor currently owned by a thread: None

Heap:
 PSYoungGen      total 38400K, used 1946K [0x0000000795580000, 0x0000000798000000, 0x00000007c0000000)
  eden space 33280K, 1% used [0x0000000795580000,0x00000007955e6910,0x0000000797600000)
  from space 5120K, 30% used [0x0000000797b00000,0x0000000797c80000,0x0000000798000000)
  to   space 5120K, 0% used [0x0000000797600000,0x0000000797600000,0x0000000797b00000)
 ParOldGen       total 87552K, used 16K [0x0000000740000000, 0x0000000745580000, 0x0000000795580000)
  object space 87552K, 0% used [0x0000000740000000,0x0000000740004000,0x0000000745580000)
 Metaspace       used 9710K, capacity 10038K, committed 10240K, reserved 1058816K
  class space    used 1160K, capacity 1260K, committed 1280K, reserved 1048576K

Card table byte_map: [0x000000010c363000,0x000000010c764000] byte_map_base: 0x0000000108963000

Marking Bits: (ParMarkBitMap*) 0x000000010b8f1ea0
 Begin Bits: [0x000000010ca0f000, 0x000000010ea0f000)
 End Bits:   [0x000000010ea0f000, 0x0000000110a0f000)

Polling page: 0x000000010a671000

CodeCache: size=245760Kb used=4362Kb max_used=4451Kb free=241397Kb
 bounds [0x0000000113548000, 0x00000001139b8000, 0x0000000122548000]
 total_blobs=1615 nmethods=1140 adapters=389
 compilation: enabled

Compilation events (10 events):
Event: 237.870 Thread 0x00007f85c7084000 nmethod 1136 0x0000000113954a90 code [0x0000000113954c00, 0x0000000113955118]
Event: 237.874 Thread 0x00007f85c7084000 1137       4       java.util.IdentityHashMap$IdentityHashMapIterator::hasNext (50 bytes)
Event: 237.875 Thread 0x00007f85c781b800 1138       3       javax.swing.JComponent::isDoubleBuffered (6 bytes)
Event: 237.875 Thread 0x00007f85c781b800 nmethod 1138 0x0000000113954650 code [0x00000001139547c0, 0x00000001139549d0]
Event: 237.879 Thread 0x00007f85c7084000 nmethod 1137 0x0000000113954290 code [0x00000001139543e0, 0x0000000113954578]
Event: 237.879 Thread 0x00007f85c7084000 1139       4       sun.java2d.pipe.BufferedContext::validate (575 bytes)
Event: 237.945 Thread 0x00007f85c7084000 nmethod 1139 0x000000011395a010 code [0x000000011395a300, 0x000000011395bb88]
Event: 240.036 Thread 0x00007f85c781b000 nmethod 1134 0x0000000113973410 code [0x0000000113974320, 0x0000000113989678]
Event: 269.119 Thread 0x00007f85c781b000 1140       4       java.util.concurrent.locks.ReentrantLock$Sync::nonfairTryAcquire (67 bytes)
Event: 269.122 Thread 0x00007f85c781b000 nmethod 1140 0x0000000113953f90 code [0x00000001139540e0, 0x00000001139541d8]

GC Heap History (4 events):
Event: 25.796 GC heap before
{Heap before GC invocations=1 (full 0):
 PSYoungGen      total 38400K, used 33280K [0x0000000795580000, 0x0000000798000000, 0x00000007c0000000)
  eden space 33280K, 100% used [0x0000000795580000,0x0000000797600000,0x0000000797600000)
  from space 5120K, 0% used [0x0000000797b00000,0x0000000797b00000,0x0000000798000000)
  to   space 5120K, 0% used [0x0000000797600000,0x0000000797600000,0x0000000797b00000)
 ParOldGen       total 87552K, used 0K [0x0000000740000000, 0x0000000745580000, 0x0000000795580000)
  object space 87552K, 0% used [0x0000000740000000,0x0000000740000000,0x0000000745580000)
 Metaspace       used 9455K, capacity 9750K, committed 9984K, reserved 1058816K
  class space    used 1122K, capacity 1228K, committed 1280K, reserved 1048576K
Event: 25.803 GC heap after
Heap after GC invocations=1 (full 0):
 PSYoungGen      total 38400K, used 1520K [0x0000000795580000, 0x0000000798000000, 0x00000007c0000000)
  eden space 33280K, 0% used [0x0000000795580000,0x0000000795580000,0x0000000797600000)
  from space 5120K, 29% used [0x0000000797600000,0x000000079777c010,0x0000000797b00000)
  to   space 5120K, 0% used [0x0000000797b00000,0x0000000797b00000,0x0000000798000000)
 ParOldGen       total 87552K, used 8K [0x0000000740000000, 0x0000000745580000, 0x0000000795580000)
  object space 87552K, 0% used [0x0000000740000000,0x0000000740002000,0x0000000745580000)
 Metaspace       used 9455K, capacity 9750K, committed 9984K, reserved 1058816K
  class space    used 1122K, capacity 1228K, committed 1280K, reserved 1048576K
}
Event: 554.438 GC heap before
{Heap before GC invocations=2 (full 0):
 PSYoungGen      total 38400K, used 34800K [0x0000000795580000, 0x0000000798000000, 0x00000007c0000000)
  eden space 33280K, 100% used [0x0000000795580000,0x0000000797600000,0x0000000797600000)
  from space 5120K, 29% used [0x0000000797600000,0x000000079777c010,0x0000000797b00000)
  to   space 5120K, 0% used [0x0000000797b00000,0x0000000797b00000,0x0000000798000000)
 ParOldGen       total 87552K, used 8K [0x0000000740000000, 0x0000000745580000, 0x0000000795580000)
  object space 87552K, 0% used [0x0000000740000000,0x0000000740002000,0x0000000745580000)
 Metaspace       used 9709K, capacity 10038K, committed 10240K, reserved 1058816K
  class space    used 1160K, capacity 1260K, committed 1280K, reserved 1048576K
Event: 554.443 GC heap after
Heap after GC invocations=2 (full 0):
 PSYoungGen      total 38400K, used 1536K [0x0000000795580000, 0x0000000798000000, 0x00000007c0000000)
  eden space 33280K, 0% used [0x0000000795580000,0x0000000795580000,0x0000000797600000)
  from space 5120K, 30% used [0x0000000797b00000,0x0000000797c80000,0x0000000798000000)
  to   space 5120K, 0% used [0x0000000797600000,0x0000000797600000,0x0000000797b00000)
 ParOldGen       total 87552K, used 16K [0x0000000740000000, 0x0000000745580000, 0x0000000795580000)
  object space 87552K, 0% used [0x0000000740000000,0x0000000740004000,0x0000000745580000)
 Metaspace       used 9709K, capacity 10038K, committed 10240K, reserved 1058816K
  class space    used 1160K, capacity 1260K, committed 1280K, reserved 1048576K
}

Deoptimization events (10 events):
Event: 158.731 Thread 0x00007f85c6946000 Uncommon trap: reason=class_check action=maybe_recompile pc=0x00000001138eba54 method=sun.java2d.opengl.OGLRenderer.validateContext(Lsun/java2d/SunGraphics2D;)V @ 23
Event: 158.732 Thread 0x00007f85c69dc000 Uncommon trap: reason=unstable_if action=reinterpret pc=0x0000000113937030 method=java.awt.EventQueue.noEvents()Z @ 16
Event: 158.734 Thread 0x00007f85c6946000 Uncommon trap: reason=class_check action=maybe_recompile pc=0x00000001138eba54 method=sun.java2d.opengl.OGLRenderer.validateContext(Lsun/java2d/SunGraphics2D;)V @ 23
Event: 237.795 Thread 0x00007f85c6946000 Uncommon trap: reason=class_check action=maybe_recompile pc=0x00000001138eba54 method=sun.java2d.opengl.OGLRenderer.validateContext(Lsun/java2d/SunGraphics2D;)V @ 23
Event: 237.825 Thread 0x00007f85c6946000 Uncommon trap: reason=class_check action=maybe_recompile pc=0x00000001138e2894 method=sun.java2d.opengl.OGLRenderer.validateContext(Lsun/java2d/SunGraphics2D;)V @ 23
Event: 237.829 Thread 0x00007f85c6946000 Uncommon trap: reason=class_check action=maybe_recompile pc=0x0000000113895d60 method=sun.java2d.opengl.OGLRenderer.validateContext(Lsun/java2d/SunGraphics2D;)V @ 23
Event: 237.835 Thread 0x00007f85c69dc000 Uncommon trap: reason=bimorphic action=maybe_recompile pc=0x0000000113815a24 method=sun.java2d.SunGraphics2D.validateColor()V @ 95
Event: 237.840 Thread 0x00007f85c69dc000 Uncommon trap: reason=bimorphic action=maybe_recompile pc=0x000000011381844c method=sun.java2d.SunGraphics2D.validateColor()V @ 95
Event: 237.841 Thread 0x00007f85c69dc000 Uncommon trap: reason=bimorphic action=maybe_recompile pc=0x00000001138b31dc method=sun.java2d.SunGraphics2D.validateColor()V @ 95
Event: 237.843 Thread 0x00007f85c69dc000 Uncommon trap: reason=bimorphic action=maybe_recompile pc=0x00000001138b31dc method=sun.java2d.SunGraphics2D.validateColor()V @ 95

Internal exceptions (10 events):
Event: 0.254 Thread 0x00007f85c7802000 Exception <a 'java/security/PrivilegedActionException'> (0x00000007958e1410) thrown at [/Users/java_re/workspace/8-2-build-macosx-x86_64/jdk8u131/8869/hotspot/src/share/vm/prims/jvm.cpp, line 1390]
Event: 0.255 Thread 0x00007f85c7802000 Exception <a 'java/security/PrivilegedActionException'> (0x00000007958e4928) thrown at [/Users/java_re/workspace/8-2-build-macosx-x86_64/jdk8u131/8869/hotspot/src/share/vm/prims/jvm.cpp, line 1390]
Event: 0.255 Thread 0x00007f85c7802000 Exception <a 'java/security/PrivilegedActionException'> (0x00000007958e4b38) thrown at [/Users/java_re/workspace/8-2-build-macosx-x86_64/jdk8u131/8869/hotspot/src/share/vm/prims/jvm.cpp, line 1390]
Event: 0.334 Thread 0x00007f85c7802000 Exception <a 'java/lang/NoSuchFieldError': method resolution failed> (0x0000000795a16dc0) thrown at [/Users/java_re/workspace/8-2-build-macosx-x86_64/jdk8u131/8869/hotspot/src/share/vm/prims/methodHandles.cpp, line 1146]
Event: 0.337 Thread 0x00007f85c7802000 Exception <a 'java/lang/NoSuchFieldError': method resolution failed> (0x0000000795a25038) thrown at [/Users/java_re/workspace/8-2-build-macosx-x86_64/jdk8u131/8869/hotspot/src/share/vm/prims/methodHandles.cpp, line 1146]
Event: 0.592 Thread 0x00007f85c7802000 Exception <a 'java/io/FileNotFoundException'> (0x0000000795ac57b8) thrown at [/Users/java_re/workspace/8-2-build-macosx-x86_64/jdk8u131/8869/hotspot/src/share/vm/prims/jni.cpp, line 709]
Event: 0.592 Thread 0x00007f85c7802000 Exception <a 'java/io/FileNotFoundException'> (0x0000000795ac6340) thrown at [/Users/java_re/workspace/8-2-build-macosx-x86_64/jdk8u131/8869/hotspot/src/share/vm/prims/jni.cpp, line 709]
Event: 25.805 Thread 0x00007f85c7010800 Exception <a 'java/lang/NullPointerException'> (0x00000007956ad1d0) thrown at [/Users/java_re/workspace/8-2-build-macosx-x86_64/jdk8u131/8869/hotspot/src/share/vm/interpreter/linkResolver.cpp, line 1197]
Event: 158.662 Thread 0x00007f85c6946000 Implicit null exception at 0x000000011394abed to 0x000000011394bf49
Event: 158.663 Thread 0x00007f85c6946000 Implicit null exception at 0x00000001138955ec to 0x0000000113895805

Events (10 events):
Event: 237.840 Thread 0x00007f85c69dc000 DEOPT PACKING pc=0x000000011381844c sp=0x00007000083ccbe0
Event: 237.840 Thread 0x00007f85c69dc000 DEOPT UNPACKING pc=0x000000011354d229 sp=0x00007000083ccb28 mode 2
Event: 237.841 Thread 0x00007f85c69dc000 Uncommon trap: trap_request=0xffffffc6 fr.pc=0x00000001138b31dc
Event: 237.841 Thread 0x00007f85c69dc000 DEOPT PACKING pc=0x00000001138b31dc sp=0x00007000083ccb50
Event: 237.841 Thread 0x00007f85c69dc000 DEOPT UNPACKING pc=0x000000011354d229 sp=0x00007000083ccac0 mode 2
Event: 237.843 Thread 0x00007f85c69dc000 Uncommon trap: trap_request=0xffffffc6 fr.pc=0x00000001138b31dc
Event: 237.843 Thread 0x00007f85c69dc000 DEOPT PACKING pc=0x00000001138b31dc sp=0x00007000083ccb50
Event: 237.843 Thread 0x00007f85c69dc000 DEOPT UNPACKING pc=0x000000011354d229 sp=0x00007000083ccac0 mode 2
Event: 554.437 Executing VM operation: ParallelGCFailedAllocation
Event: 554.443 Executing VM operation: ParallelGCFailedAllocation done


Dynamic libraries:
0x0000000053680000 	/System/Library/Frameworks/Cocoa.framework/Versions/A/Cocoa
0x0000000053680000 	/System/Library/Frameworks/Security.framework/Versions/A/Security
0x0000000053680000 	/System/Library/Frameworks/ApplicationServices.framework/Versions/A/ApplicationServices
0x0000000053680000 	/usr/lib/libz.1.dylib
0x0000000053680000 	/usr/lib/libSystem.B.dylib
0x0000000053680000 	/usr/lib/libobjc.A.dylib
0x0000000053680000 	/System/Library/Frameworks/CoreFoundation.framework/Versions/A/CoreFoundation
0x0000000053680000 	/System/Library/Frameworks/Foundation.framework/Versions/C/Foundation
0x0000000053680000 	/System/Library/Frameworks/AppKit.framework/Versions/C/AppKit
0x0000000053680000 	/System/Library/Frameworks/CoreData.framework/Versions/A/CoreData
0x0000000053680000 	/System/Library/PrivateFrameworks/RemoteViewServices.framework/Versions/A/RemoteViewServices
0x0000000053680000 	/System/Library/PrivateFrameworks/UIFoundation.framework/Versions/A/UIFoundation
0x0000000053680000 	/System/Library/PrivateFrameworks/DFRFoundation.framework/Versions/A/DFRFoundation
0x0000000053680000 	/usr/lib/libenergytrace.dylib
0x0000000053680000 	/System/Library/PrivateFrameworks/SkyLight.framework/Versions/A/SkyLight
0x0000000053680000 	/System/Library/Frameworks/CoreGraphics.framework/Versions/A/CoreGraphics
0x0000000053680000 	/usr/lib/libScreenReader.dylib
0x0000000053680000 	/System/Library/Frameworks/Accelerate.framework/Versions/A/Accelerate
0x0000000053680000 	/System/Library/Frameworks/IOSurface.framework/Versions/A/IOSurface
0x0000000053680000 	/System/Library/Frameworks/AudioToolbox.framework/Versions/A/AudioToolbox
0x0000000053680000 	/System/Library/Frameworks/AudioUnit.framework/Versions/A/AudioUnit
0x0000000053680000 	/System/Library/PrivateFrameworks/DataDetectorsCore.framework/Versions/A/DataDetectorsCore
0x0000000053680000 	/System/Library/PrivateFrameworks/DesktopServicesPriv.framework/Versions/A/DesktopServicesPriv
0x0000000053680000 	/System/Library/Frameworks/Carbon.framework/Versions/A/Frameworks/HIToolbox.framework/Versions/A/HIToolbox
0x0000000053680000 	/usr/lib/libicucore.A.dylib
0x0000000053680000 	/System/Library/Frameworks/QuartzCore.framework/Versions/A/QuartzCore
0x0000000053680000 	/System/Library/Frameworks/Carbon.framework/Versions/A/Frameworks/SpeechRecognition.framework/Versions/A/SpeechRecognition
0x0000000053680000 	/usr/lib/libauto.dylib
0x0000000053680000 	/usr/lib/libxml2.2.dylib
0x0000000053680000 	/System/Library/PrivateFrameworks/CoreUI.framework/Versions/A/CoreUI
0x0000000053680000 	/System/Library/Frameworks/CoreAudio.framework/Versions/A/CoreAudio
0x0000000053680000 	/System/Library/Frameworks/DiskArbitration.framework/Versions/A/DiskArbitration
0x0000000053680000 	/usr/lib/liblangid.dylib
0x0000000053680000 	/System/Library/PrivateFrameworks/MultitouchSupport.framework/Versions/A/MultitouchSupport
0x0000000053680000 	/System/Library/Frameworks/IOKit.framework/Versions/A/IOKit
0x0000000053680000 	/usr/lib/libDiagnosticMessagesClient.dylib
0x0000000053680000 	/System/Library/Frameworks/CoreServices.framework/Versions/A/CoreServices
0x0000000053680000 	/System/Library/PrivateFrameworks/PerformanceAnalysis.framework/Versions/A/PerformanceAnalysis
0x0000000053680000 	/System/Library/PrivateFrameworks/GenerationalStorage.framework/Versions/A/GenerationalStorage
0x0000000053680000 	/System/Library/Frameworks/OpenGL.framework/Versions/A/OpenGL
0x0000000053680000 	/System/Library/Frameworks/CoreImage.framework/Versions/A/CoreImage
0x0000000053680000 	/System/Library/Frameworks/CoreText.framework/Versions/A/CoreText
0x0000000053680000 	/System/Library/Frameworks/ImageIO.framework/Versions/A/ImageIO
0x0000000053680000 	/System/Library/PrivateFrameworks/Backup.framework/Versions/A/Backup
0x0000000053680000 	/usr/lib/libarchive.2.dylib
0x0000000053680000 	/System/Library/Frameworks/CFNetwork.framework/Versions/A/CFNetwork
0x0000000053680000 	/System/Library/Frameworks/SystemConfiguration.framework/Versions/A/SystemConfiguration
0x0000000053680000 	/usr/lib/libCRFSuite.dylib
0x0000000053680000 	/usr/lib/libc++.1.dylib
0x0000000053680000 	/usr/lib/libc++abi.dylib
0x0000000053680000 	/usr/lib/system/libcache.dylib
0x0000000053680000 	/usr/lib/system/libcommonCrypto.dylib
0x0000000053680000 	/usr/lib/system/libcompiler_rt.dylib
0x0000000053680000 	/usr/lib/system/libcopyfile.dylib
0x0000000053680000 	/usr/lib/system/libcorecrypto.dylib
0x0000000053680000 	/usr/lib/system/libdispatch.dylib
0x0000000053680000 	/usr/lib/system/libdyld.dylib
0x0000000053680000 	/usr/lib/system/libkeymgr.dylib
0x0000000053680000 	/usr/lib/system/liblaunch.dylib
0x0000000053680000 	/usr/lib/system/libmacho.dylib
0x0000000053680000 	/usr/lib/system/libquarantine.dylib
0x0000000053680000 	/usr/lib/system/libremovefile.dylib
0x0000000053680000 	/usr/lib/system/libsystem_asl.dylib
0x0000000053680000 	/usr/lib/system/libsystem_blocks.dylib
0x0000000053680000 	/usr/lib/system/libsystem_c.dylib
0x0000000053680000 	/usr/lib/system/libsystem_configuration.dylib
0x0000000053680000 	/usr/lib/system/libsystem_coreservices.dylib
0x0000000053680000 	/usr/lib/system/libsystem_coretls.dylib
0x0000000053680000 	/usr/lib/system/libsystem_dnssd.dylib
0x0000000053680000 	/usr/lib/system/libsystem_info.dylib
0x0000000053680000 	/usr/lib/system/libsystem_kernel.dylib
0x0000000053680000 	/usr/lib/system/libsystem_m.dylib
0x0000000053680000 	/usr/lib/system/libsystem_malloc.dylib
0x0000000053680000 	/usr/lib/system/libsystem_network.dylib
0x0000000053680000 	/usr/lib/system/libsystem_networkextension.dylib
0x0000000053680000 	/usr/lib/system/libsystem_notify.dylib
0x0000000053680000 	/usr/lib/system/libsystem_platform.dylib
0x0000000053680000 	/usr/lib/system/libsystem_pthread.dylib
0x0000000053680000 	/usr/lib/system/libsystem_sandbox.dylib
0x0000000053680000 	/usr/lib/system/libsystem_secinit.dylib
0x0000000053680000 	/usr/lib/system/libsystem_symptoms.dylib
0x0000000053680000 	/usr/lib/system/libsystem_trace.dylib
0x0000000053680000 	/usr/lib/system/libunwind.dylib
0x0000000053680000 	/usr/lib/system/libxpc.dylib
0x0000000053680000 	/usr/lib/libbsm.0.dylib
0x0000000053680000 	/usr/lib/system/libkxld.dylib
0x0000000053680000 	/usr/lib/libcoretls.dylib
0x0000000053680000 	/usr/lib/libcoretls_cfhelpers.dylib
0x0000000053680000 	/usr/lib/libOpenScriptingUtil.dylib
0x0000000053680000 	/usr/lib/libpam.2.dylib
0x0000000053680000 	/usr/lib/libsqlite3.dylib
0x0000000053680000 	/usr/lib/libxar.1.dylib
0x0000000053680000 	/usr/lib/libbz2.1.0.dylib
0x0000000053680000 	/usr/lib/liblzma.5.dylib
0x0000000053680000 	/usr/lib/libnetwork.dylib
0x0000000053680000 	/usr/lib/libpcap.A.dylib
0x0000000053680000 	/System/Library/Frameworks/CoreServices.framework/Versions/A/Frameworks/FSEvents.framework/Versions/A/FSEvents
0x0000000053680000 	/System/Library/Frameworks/CoreServices.framework/Versions/A/Frameworks/CarbonCore.framework/Versions/A/CarbonCore
0x0000000053680000 	/System/Library/Frameworks/CoreServices.framework/Versions/A/Frameworks/Metadata.framework/Versions/A/Metadata
0x0000000053680000 	/System/Library/Frameworks/CoreServices.framework/Versions/A/Frameworks/OSServices.framework/Versions/A/OSServices
0x0000000053680000 	/System/Library/Frameworks/CoreServices.framework/Versions/A/Frameworks/SearchKit.framework/Versions/A/SearchKit
0x0000000053680000 	/System/Library/Frameworks/CoreServices.framework/Versions/A/Frameworks/AE.framework/Versions/A/AE
0x0000000053680000 	/System/Library/Frameworks/CoreServices.framework/Versions/A/Frameworks/LaunchServices.framework/Versions/A/LaunchServices
0x0000000053680000 	/System/Library/Frameworks/CoreServices.framework/Versions/A/Frameworks/DictionaryServices.framework/Versions/A/DictionaryServices
0x0000000053680000 	/System/Library/Frameworks/CoreServices.framework/Versions/A/Frameworks/SharedFileList.framework/Versions/A/SharedFileList
0x0000000053680000 	/System/Library/Frameworks/NetFS.framework/Versions/A/NetFS
0x0000000053680000 	/System/Library/PrivateFrameworks/NetAuth.framework/Versions/A/NetAuth
0x0000000053680000 	/System/Library/PrivateFrameworks/login.framework/Versions/A/Frameworks/loginsupport.framework/Versions/A/loginsupport
0x0000000053680000 	/System/Library/PrivateFrameworks/TCC.framework/Versions/A/TCC
0x0000000053680000 	/usr/lib/libmecabra.dylib
0x0000000053680000 	/System/Library/Frameworks/ApplicationServices.framework/Versions/A/Frameworks/ATS.framework/Versions/A/ATS
0x0000000053680000 	/System/Library/Frameworks/ApplicationServices.framework/Versions/A/Frameworks/ColorSync.framework/Versions/A/ColorSync
0x0000000053680000 	/System/Library/Frameworks/ApplicationServices.framework/Versions/A/Frameworks/HIServices.framework/Versions/A/HIServices
0x0000000053680000 	/System/Library/Frameworks/ApplicationServices.framework/Versions/A/Frameworks/LangAnalysis.framework/Versions/A/LangAnalysis
0x0000000053680000 	/System/Library/Frameworks/ApplicationServices.framework/Versions/A/Frameworks/PrintCore.framework/Versions/A/PrintCore
0x0000000053680000 	/System/Library/Frameworks/ApplicationServices.framework/Versions/A/Frameworks/QD.framework/Versions/A/QD
0x0000000053680000 	/System/Library/Frameworks/ApplicationServices.framework/Versions/A/Frameworks/SpeechSynthesis.framework/Versions/A/SpeechSynthesis
0x0000000053680000 	/System/Library/Frameworks/Accelerate.framework/Versions/A/Frameworks/vImage.framework/Versions/A/vImage
0x0000000053680000 	/System/Library/Frameworks/Accelerate.framework/Versions/A/Frameworks/vecLib.framework/Versions/A/vecLib
0x0000000053680000 	/System/Library/Frameworks/Accelerate.framework/Versions/A/Frameworks/vecLib.framework/Versions/A/libvDSP.dylib
0x0000000053680000 	/System/Library/Frameworks/Accelerate.framework/Versions/A/Frameworks/vecLib.framework/Versions/A/libBNNS.dylib
0x0000000053680000 	/System/Library/Frameworks/Accelerate.framework/Versions/A/Frameworks/vecLib.framework/Versions/A/libQuadrature.dylib
0x0000000053680000 	/System/Library/Frameworks/Accelerate.framework/Versions/A/Frameworks/vecLib.framework/Versions/A/libvMisc.dylib
0x0000000053680000 	/System/Library/Frameworks/Accelerate.framework/Versions/A/Frameworks/vecLib.framework/Versions/A/libLAPACK.dylib
0x0000000053680000 	/System/Library/Frameworks/Accelerate.framework/Versions/A/Frameworks/vecLib.framework/Versions/A/libBLAS.dylib
0x0000000053680000 	/System/Library/Frameworks/Accelerate.framework/Versions/A/Frameworks/vecLib.framework/Versions/A/libLinearAlgebra.dylib
0x0000000053680000 	/System/Library/Frameworks/Accelerate.framework/Versions/A/Frameworks/vecLib.framework/Versions/A/libSparseBLAS.dylib
0x0000000053680000 	/System/Library/Frameworks/ApplicationServices.framework/Versions/A/Frameworks/ATS.framework/Versions/A/Resources/libFontParser.dylib
0x0000000053680000 	/System/Library/Frameworks/ApplicationServices.framework/Versions/A/Frameworks/ATS.framework/Versions/A/Resources/libFontRegistry.dylib
0x0000000053680000 	/System/Library/Frameworks/ImageIO.framework/Versions/A/Resources/libJPEG.dylib
0x0000000053680000 	/System/Library/Frameworks/ImageIO.framework/Versions/A/Resources/libTIFF.dylib
0x0000000053680000 	/System/Library/Frameworks/ImageIO.framework/Versions/A/Resources/libPng.dylib
0x0000000053680000 	/System/Library/Frameworks/ImageIO.framework/Versions/A/Resources/libGIF.dylib
0x0000000053680000 	/System/Library/Frameworks/ImageIO.framework/Versions/A/Resources/libJP2.dylib
0x0000000053680000 	/System/Library/Frameworks/ImageIO.framework/Versions/A/Resources/libRadiance.dylib
0x0000000053680000 	/usr/lib/libcompression.dylib
0x0000000053680000 	/System/Library/PrivateFrameworks/AppleJPEG.framework/Versions/A/AppleJPEG
0x0000000053680000 	/usr/lib/libcups.2.dylib
0x0000000053680000 	/System/Library/Frameworks/Kerberos.framework/Versions/A/Kerberos
0x0000000053680000 	/System/Library/Frameworks/GSS.framework/Versions/A/GSS
0x0000000053680000 	/usr/lib/libresolv.9.dylib
0x0000000053680000 	/usr/lib/libiconv.2.dylib
0x0000000053680000 	/System/Library/PrivateFrameworks/Heimdal.framework/Versions/A/Heimdal
0x0000000053680000 	/usr/lib/libheimdal-asn1.dylib
0x0000000053680000 	/System/Library/Frameworks/OpenDirectory.framework/Versions/A/OpenDirectory
0x0000000053680000 	/System/Library/PrivateFrameworks/CommonAuth.framework/Versions/A/CommonAuth
0x0000000053680000 	/System/Library/Frameworks/OpenDirectory.framework/Versions/A/Frameworks/CFOpenDirectory.framework/Versions/A/CFOpenDirectory
0x0000000053680000 	/System/Library/Frameworks/SecurityFoundation.framework/Versions/A/SecurityFoundation
0x0000000053680000 	/System/Library/PrivateFrameworks/LanguageModeling.framework/Versions/A/LanguageModeling
0x0000000053680000 	/usr/lib/libmarisa.dylib
0x0000000053680000 	/usr/lib/libChineseTokenizer.dylib
0x0000000053680000 	/usr/lib/libcmph.dylib
0x0000000053680000 	/System/Library/PrivateFrameworks/CoreEmoji.framework/Versions/A/CoreEmoji
0x0000000053680000 	/System/Library/Frameworks/ServiceManagement.framework/Versions/A/ServiceManagement
0x0000000053680000 	/usr/lib/libxslt.1.dylib
0x0000000053680000 	/System/Library/Frameworks/Carbon.framework/Versions/A/Frameworks/Ink.framework/Versions/A/Ink
0x0000000053680000 	/System/Library/PrivateFrameworks/TextureIO.framework/Versions/A/TextureIO
0x0000000053680000 	/System/Library/Frameworks/Metal.framework/Versions/A/Metal
0x0000000053680000 	/usr/lib/libate.dylib
0x0000000053680000 	/System/Library/PrivateFrameworks/GPUCompiler.framework/libmetal_timestamp.dylib
0x0000000053680000 	/System/Library/Frameworks/OpenGL.framework/Versions/A/Libraries/libCoreFSCache.dylib
0x0000000053680000 	/System/Library/PrivateFrameworks/IOAccelerator.framework/Versions/A/IOAccelerator
0x0000000053680000 	/System/Library/Frameworks/CoreVideo.framework/Versions/A/CoreVideo
0x0000000053680000 	/usr/lib/libFosl_dynamic.dylib
0x0000000053680000 	/System/Library/PrivateFrameworks/MetalPerformanceShaders.framework/Versions/A/MetalPerformanceShaders
0x0000000053680000 	/System/Library/PrivateFrameworks/FaceCore.framework/Versions/A/FaceCore
0x0000000053680000 	/System/Library/Frameworks/OpenCL.framework/Versions/A/OpenCL
0x0000000053680000 	/System/Library/Frameworks/OpenGL.framework/Versions/A/Libraries/libGLU.dylib
0x0000000053680000 	/System/Library/Frameworks/OpenGL.framework/Versions/A/Libraries/libGFXShared.dylib
0x0000000053680000 	/System/Library/Frameworks/OpenGL.framework/Versions/A/Libraries/libGL.dylib
0x0000000053680000 	/System/Library/Frameworks/OpenGL.framework/Versions/A/Libraries/libGLImage.dylib
0x0000000053680000 	/System/Library/Frameworks/OpenGL.framework/Versions/A/Libraries/libCVMSPluginSupport.dylib
0x0000000053680000 	/System/Library/Frameworks/OpenGL.framework/Versions/A/Libraries/libCoreVMClient.dylib
0x0000000053680000 	/System/Library/PrivateFrameworks/CrashReporterSupport.framework/Versions/A/CrashReporterSupport
0x0000000053680000 	/System/Library/PrivateFrameworks/Sharing.framework/Versions/A/Sharing
0x0000000053680000 	/System/Library/PrivateFrameworks/IconServices.framework/Versions/A/IconServices
0x0000000053680000 	/System/Library/PrivateFrameworks/ProtocolBuffer.framework/Versions/A/ProtocolBuffer
0x0000000053680000 	/System/Library/PrivateFrameworks/Apple80211.framework/Versions/A/Apple80211
0x0000000053680000 	/System/Library/Frameworks/CoreWLAN.framework/Versions/A/CoreWLAN
0x0000000053680000 	/System/Library/PrivateFrameworks/CoreUtils.framework/Versions/A/CoreUtils
0x0000000053680000 	/System/Library/Frameworks/IOBluetooth.framework/Versions/A/IOBluetooth
0x0000000053680000 	/System/Library/PrivateFrameworks/CoreWiFi.framework/Versions/A/CoreWiFi
0x0000000053680000 	/System/Library/Frameworks/CoreBluetooth.framework/Versions/A/CoreBluetooth
0x0000000053680000 	/System/Library/Frameworks/CoreDisplay.framework/Versions/A/CoreDisplay
0x0000000053680000 	/System/Library/PrivateFrameworks/IOPresentment.framework/Versions/A/IOPresentment
0x0000000053680000 	/System/Library/PrivateFrameworks/DSExternalDisplay.framework/Versions/A/DSExternalDisplay
0x0000000053680000 	/System/Library/PrivateFrameworks/DebugSymbols.framework/Versions/A/DebugSymbols
0x0000000053680000 	/System/Library/PrivateFrameworks/CoreSymbolication.framework/Versions/A/CoreSymbolication
0x0000000053680000 	/System/Library/PrivateFrameworks/Symbolication.framework/Versions/A/Symbolication
0x0000000053680000 	/System/Library/PrivateFrameworks/AppleFSCompression.framework/Versions/A/AppleFSCompression
0x0000000053680000 	/System/Library/PrivateFrameworks/SpeechRecognitionCore.framework/Versions/A/SpeechRecognitionCore
0x0000000053680000 	/System/Library/PrivateFrameworks/ChunkingLibrary.framework/Versions/A/ChunkingLibrary
0x000000010b000000 	/Library/Java/JavaVirtualMachines/jdk1.8.0_131.jdk/Contents/Home/jre/lib/server/libjvm.dylib
0x0000000053680000 	/usr/lib/libstdc++.6.dylib
0x000000010a62e000 	/Library/Java/JavaVirtualMachines/jdk1.8.0_131.jdk/Contents/Home/jre/lib/libverify.dylib
0x000000010a63c000 	/Library/Java/JavaVirtualMachines/jdk1.8.0_131.jdk/Contents/Home/jre/lib/libjava.dylib
0x000000010a672000 	/Library/Java/JavaVirtualMachines/jdk1.8.0_131.jdk/Contents/Home/jre/lib/libinstrument.dylib
0x000000010a6d0000 	/Library/Java/JavaVirtualMachines/jdk1.8.0_131.jdk/Contents/Home/jre/lib/libzip.dylib
0x00000001127c5000 	/System/Library/Frameworks/JavaVM.framework/Frameworks/JavaRuntimeSupport.framework/JavaRuntimeSupport
0x00000001127df000 	/System/Library/Frameworks/JavaVM.framework/Versions/A/Frameworks/JavaNativeFoundation.framework/Versions/A/JavaNativeFoundation
0x000000010a7f2000 	/System/Library/Frameworks/JavaVM.framework/Versions/A/JavaVM
0x0000000053680000 	/System/Library/Frameworks/Carbon.framework/Versions/A/Carbon
0x00000001127f4000 	/System/Library/PrivateFrameworks/JavaLaunching.framework/Versions/A/JavaLaunching
0x0000000053680000 	/System/Library/Frameworks/Carbon.framework/Versions/A/Frameworks/CommonPanels.framework/Versions/A/CommonPanels
0x0000000053680000 	/System/Library/Frameworks/Carbon.framework/Versions/A/Frameworks/Help.framework/Versions/A/Help
0x0000000053680000 	/System/Library/Frameworks/Carbon.framework/Versions/A/Frameworks/ImageCapture.framework/Versions/A/ImageCapture
0x0000000053680000 	/System/Library/Frameworks/Carbon.framework/Versions/A/Frameworks/OpenScripting.framework/Versions/A/OpenScripting
0x0000000053680000 	/System/Library/Frameworks/Carbon.framework/Versions/A/Frameworks/Print.framework/Versions/A/Print
0x0000000053680000 	/System/Library/Frameworks/Carbon.framework/Versions/A/Frameworks/SecurityHI.framework/Versions/A/SecurityHI
0x0000000112967000 	/Library/Java/JavaVirtualMachines/jdk1.8.0_131.jdk/Contents/Home/jre/lib/libnet.dylib
0x00000001129c6000 	/Library/Java/JavaVirtualMachines/jdk1.8.0_131.jdk/Contents/Home/jre/lib/libawt.dylib
0x0000000112a6e000 	/Library/Java/JavaVirtualMachines/jdk1.8.0_131.jdk/Contents/Home/jre/lib/./libmlib_image.dylib
0x0000000112b3a000 	/Library/Java/JavaVirtualMachines/jdk1.8.0_131.jdk/Contents/Home/jre/lib/libawt_lwawt.dylib
0x0000000112bf1000 	/Library/Java/JavaVirtualMachines/jdk1.8.0_131.jdk/Contents/Home/jre/lib/./libosxapp.dylib
0x0000000053680000 	/System/Library/Frameworks/ExceptionHandling.framework/Versions/A/ExceptionHandling
0x0000000053680000 	/System/Library/PrivateFrameworks/CoreServicesInternal.framework/Versions/A/CoreServicesInternal
0x0000000053680000 	/System/Library/CoreServices/RawCamera.bundle/Contents/MacOS/RawCamera
0x0000000053680000 	/System/Library/Frameworks/Accelerate.framework/Versions/A/Frameworks/vImage.framework/Versions/A/Libraries/libCGInterfaces.dylib
0x0000000053680000 	/System/Library/Frameworks/ApplicationServices.framework/Versions/A/Frameworks/ATS.framework/Versions/A/Resources/libTrueTypeScaler.dylib
0x0000000124ff4000 	/System/Library/Frameworks/OpenGL.framework/Resources/GLEngine.bundle/GLEngine
0x0000000053680000 	/System/Library/Frameworks/OpenGL.framework/Versions/A/Libraries/libGLProgrammability.dylib
0x00000001251d9000 	/System/Library/Extensions/AppleIntelBDWGraphicsGLDriver.bundle/Contents/MacOS/AppleIntelBDWGraphicsGLDriver
0x0000000053680000 	/System/Library/PrivateFrameworks/GPUSupport.framework/Versions/A/Libraries/libGPUSupportMercury.dylib
0x000000011346d000 	/System/Library/Frameworks/OpenGL.framework/Resources//GLRendererFloat.bundle/GLRendererFloat
0x0000000053680000 	/System/Library/Frameworks/OpenCL.framework/Versions/A/Libraries/libcldcpuengine.dylib
0x0000000053680000 	/usr/lib/libcrypto.0.9.8.dylib
0x0000000053680000 	/System/Library/PrivateFrameworks/TrustEvaluationAgent.framework/Versions/A/TrustEvaluationAgent
0x0000000125943000 	/System/Library/Extensions/AppleIntelBDWGraphicsMTLDriver.bundle/Contents/MacOS/AppleIntelBDWGraphicsMTLDriver
0x0000000053680000 	/System/Library/PrivateFrameworks/FamilyControls.framework/Versions/A/FamilyControls
0x0000000053680000 	/System/Library/PrivateFrameworks/CommerceKit.framework/Versions/A/Frameworks/CommerceCore.framework/Versions/A/CommerceCore
0x0000000053680000 	/System/Library/PrivateFrameworks/SystemAdministration.framework/Versions/A/SystemAdministration
0x0000000053680000 	/System/Library/PrivateFrameworks/AppContainer.framework/Versions/A/AppContainer
0x0000000053680000 	/System/Library/PrivateFrameworks/SecCodeWrapper.framework/Versions/A/SecCodeWrapper
0x0000000053680000 	/System/Library/Frameworks/DirectoryService.framework/Versions/A/DirectoryService
0x0000000053680000 	/System/Library/PrivateFrameworks/DiskImages.framework/Versions/A/DiskImages
0x0000000053680000 	/System/Library/PrivateFrameworks/LoginUIKit.framework/Versions/A/Frameworks/LoginUICore.framework/Versions/A/LoginUICore
0x0000000053680000 	/usr/lib/libCoreStorage.dylib
0x0000000053680000 	/usr/lib/libcsfde.dylib
0x0000000053680000 	/usr/lib/libodfde.dylib
0x0000000053680000 	/System/Library/Frameworks/DiscRecording.framework/Versions/A/DiscRecording
0x0000000053680000 	/usr/lib/libcurl.4.dylib
0x0000000053680000 	/System/Library/PrivateFrameworks/MediaKit.framework/Versions/A/MediaKit
0x0000000053680000 	/System/Library/PrivateFrameworks/ProtectedCloudStorage.framework/Versions/A/ProtectedCloudStorage
0x0000000053680000 	/System/Library/PrivateFrameworks/EFILogin.framework/Versions/A/EFILogin
0x0000000053680000 	/usr/lib/libutil.dylib
0x0000000053680000 	/System/Library/Frameworks/LDAP.framework/Versions/A/LDAP
0x0000000053680000 	/usr/lib/libsasl2.2.dylib
0x0000000053680000 	/System/Library/PrivateFrameworks/CoreDaemon.framework/Versions/B/CoreDaemon
0x0000000053680000 	/System/Library/PrivateFrameworks/AppleSRP.framework/Versions/A/AppleSRP
0x0000000053680000 	/System/Library/PrivateFrameworks/APFS.framework/Versions/A/APFS
0x0000000127723000 	/Library/Java/JavaVirtualMachines/jdk1.8.0_131.jdk/Contents/Home/jre/lib/libfontmanager.dylib
0x00000001240a2000 	/Library/Java/JavaVirtualMachines/jdk1.8.0_131.jdk/Contents/Home/jre/lib/libosxui.dylib
0x0000000053680000 	/System/Library/PrivateFrameworks/ViewBridge.framework/Versions/A/ViewBridge
0x0000000053680000 	/System/Library/PrivateFrameworks/XPCService.framework/Versions/A/XPCService
0x0000000053680000 	/System/Library/PrivateFrameworks/AppSandbox.framework/Versions/A/AppSandbox
0x0000000053680000 	/usr/lib/libsandbox.1.dylib
0x0000000053680000 	/usr/lib/libMatch.1.dylib

VM Arguments:
jvm_args: -javaagent:/Applications/IntelliJ IDEA.app/Contents/lib/idea_rt.jar=51967:/Applications/IntelliJ IDEA.app/Contents/bin -Dfile.encoding=UTF-8 
java_command: org.academiadecodigo.pang.Main
java_class_path (initial): /Library/Java/JavaVirtualMachines/jdk1.8.0_131.jdk/Contents/Home/jre/lib/charsets.jar:/Library/Java/JavaVirtualMachines/jdk1.8.0_131.jdk/Contents/Home/jre/lib/deploy.jar:/Library/Java/JavaVirtualMachines/jdk1.8.0_131.jdk/Contents/Home/jre/lib/ext/cldrdata.jar:/Library/Java/JavaVirtualMachines/jdk1.8.0_131.jdk/Contents/Home/jre/lib/ext/dnsns.jar:/Library/Java/JavaVirtualMachines/jdk1.8.0_131.jdk/Contents/Home/jre/lib/ext/jaccess.jar:/Library/Java/JavaVirtualMachines/jdk1.8.0_131.jdk/Contents/Home/jre/lib/ext/jfxrt.jar:/Library/Java/JavaVirtualMachines/jdk1.8.0_131.jdk/Contents/Home/jre/lib/ext/localedata.jar:/Library/Java/JavaVirtualMachines/jdk1.8.0_131.jdk/Contents/Home/jre/lib/ext/nashorn.jar:/Library/Java/JavaVirtualMachines/jdk1.8.0_131.jdk/Contents/Home/jre/lib/ext/sunec.jar:/Library/Java/JavaVirtualMachines/jdk1.8.0_131.jdk/Contents/Home/jre/lib/ext/sunjce_provider.jar:/Library/Java/JavaVirtualMachines/jdk1.8.0_131.jdk/Contents/Home/jre/lib/ext/sunpkcs11.jar:/Library/Java/JavaVirtualMachines/jdk1.8.0_131.jdk/Contents/Home/jre/lib/ext/zipfs.jar:/Library/Java/JavaVirtualMachines/jdk1.8.0_131.jdk/Contents/Home/jre/lib/javaws.jar:/Library/Java/JavaVirtualMachines/jdk1.8.0_131.jdk/Contents/Home/jre/lib/jce.jar:/Library/Java/JavaVirtualMachines/jdk1.8.0_131.jdk/Contents/Home/jre/lib/jfr.jar:/Library/Java/JavaVirtualMachines/jdk1.8.0_131.jdk/Contents/Home/jre/lib/jfxswt.jar:/Library/Java/JavaVirtualMachines/jdk1.8.0_131.jdk/Contents/Home/jre/lib/jsse.jar:/Library/Java/JavaVirtualMachines/jdk1.8.0_131.jdk/Contents/Home/jre/lib/management-agent.jar:/Library/Java/JavaVirtualMachines/jdk1.8.0_131.jdk/Contents/Home/jre/lib/plugin.jar:/Library/Java/JavaVirtualMachines/jdk1.8.0_131.jdk/Contents/Home/jre/lib/resources.jar:/Library/Java/JavaVirtualMachines/jdk1.8.0_131.jdk/Contents/Home/jre/lib/rt.jar:/Library/Java/JavaVirtualMachines/jdk1.8.0_131.jdk/Contents/Home/lib/ant-javafx.jar:/Library/Java/JavaVirtualMachines/jdk1.8.0_131.jdk/Contents/Home
Launcher Type: SUN_STANDARD

Environment Variables:
PATH=/usr/local/bin:/usr/bin:/bin:/usr/sbin:/sbin
SHELL=/bin/bash

Signal Handlers:
SIGSEGV: [libjvm.dylib+0x5b1eb1], sa_mask[0]=11111111011111110111111111111111, sa_flags=SA_ONSTACK|SA_RESTART|SA_SIGINFO
SIGBUS: [libjvm.dylib+0x5b1eb1], sa_mask[0]=11111111011111110111111111111111, sa_flags=SA_RESTART|SA_SIGINFO
SIGFPE: [libjvm.dylib+0x488988], sa_mask[0]=11111111011111110111111111111111, sa_flags=SA_RESTART|SA_SIGINFO
SIGPIPE: [libjvm.dylib+0x488988], sa_mask[0]=11111111011111110111111111111111, sa_flags=SA_RESTART|SA_SIGINFO
SIGXFSZ: [libjvm.dylib+0x488988], sa_mask[0]=11111111011111110111111111111111, sa_flags=SA_RESTART|SA_SIGINFO
SIGILL: [libjvm.dylib+0x488988], sa_mask[0]=11111111011111110111111111111111, sa_flags=SA_RESTART|SA_SIGINFO
SIGUSR1: SIG_DFL, sa_mask[0]=00000000000000000000000000000000, sa_flags=none
SIGUSR2: [libjvm.dylib+0x4884a6], sa_mask[0]=00100000000000000000000000000000, sa_flags=SA_RESTART|SA_SIGINFO
SIGHUP: [libjvm.dylib+0x486a7d], sa_mask[0]=11111111011111110111111111111111, sa_flags=SA_RESTART|SA_SIGINFO
SIGINT: [libjvm.dylib+0x486a7d], sa_mask[0]=11111111011111110111111111111111, sa_flags=SA_RESTART|SA_SIGINFO
SIGTERM: [libjvm.dylib+0x486a7d], sa_mask[0]=11111111011111110111111111111111, sa_flags=SA_RESTART|SA_SIGINFO
SIGQUIT: [libjvm.dylib+0x486a7d], sa_mask[0]=11111111011111110111111111111111, sa_flags=SA_RESTART|SA_SIGINFO


---------------  S Y S T E M  ---------------

OS:Bsduname:Darwin 16.6.0 Darwin Kernel Version 16.6.0: Fri Apr 14 16:21:16 PDT 2017; root:xnu-3789.60.24~6/RELEASE_X86_64 x86_64
rlimit: STACK 8192k, CORE 0k, NPROC 709, NOFILE 10240, AS infinity
load average:2.20 2.50 2.47

CPU:total 4 (initial active 4) (2 cores per cpu, 2 threads per core) family 6 model 61 stepping 4, cmov, cx8, fxsr, mmx, sse, sse2, sse3, ssse3, sse4.1, sse4.2, popcnt, avx, avx2, aes, clmul, erms, 3dnowpref, lzcnt, ht, tsc, tscinvbit, bmi1, bmi2, adx

Memory: 4k page, physical 8388608k(360932k free)

/proc/meminfo:


vm_info: Java HotSpot(TM) 64-Bit Server VM (25.131-b11) for bsd-amd64 JRE (1.8.0_131-b11), built on Mar 15 2017 01:32:22 by "java_re" with gcc 4.2.1 (Based on Apple Inc. build 5658) (LLVM build 2336.11.00)

time: Sun Oct 15 17:54:10 2017
elapsed time: 554 seconds (0d 0h 9m 14s)

